Removing all keys associated with  from authorized_keys
Hostname:  was not in authorized keys or the file doesn't exist
./setup.sh: line 11: sed -i //d ~/.ssh/authorized_keys: No such file or directory
Setting up pi-docker-215
Changed hostname in /etc/hostname to pi-docker-215
Changed hostname in /etc/hosts to pi-docker-215
New Hostname: pi-docker-215
Ign:1 cdrom://Ubuntu 16.04.3 LTS _Xenial Xerus_ - Release amd64 (20170801) xenial InRelease
Hit:2 cdrom://Ubuntu 16.04.3 LTS _Xenial Xerus_ - Release amd64 (20170801) xenial Release
Hit:4 http://archive.ubuntu.com/ubuntu xenial InRelease
Hit:5 https://download.docker.com/linux/ubuntu xenial InRelease
Get:6 http://security.ubuntu.com/ubuntu xenial-security InRelease [102 kB]
Hit:7 http://archive.ubuntu.com/ubuntu xenial-updates InRelease

** (appstreamcli:28530): CRITICAL **: Error while moving old database out of the way.
AppStream cache update failed.
Fetched 102 kB in 0s (171 kB/s)
Reading package lists...
Reading package lists...
Building dependency tree...
Reading state information...
ufw is already the newest version (0.35-0ubuntu2).
sshpass is already the newest version (1.05-1).
0 upgraded, 0 newly installed, 0 to remove and 349 not upgraded.
Removing services listed in: assets/services
portainer
Error: No such service: portainer
Service: portainer could not be removed, or does not exists
Cleaning up old volumes, images, containers specified in assets/clean
Removing volumes listed in: ./assets/volumes
portainer
Volume: portainer was removed
Removing networks listed in: assets/networks
No networks to remove
Removing secrets listed in: assets/secrets
No secrets to remove
Creating volumes listed in: assets/volumes
portainer
Creating networks listed in: assets/networks
No networks to create
Creating docker secrets listed in: assets/secrets
Error response from daemon: rpc error: code = AlreadyExists desc = secret PORTAINER_PASSWORD already exists
Removing all keys associated with  from authorized_keys
./setup.sh: line 11: sed -i //d ~/.ssh/authorized_keys: No such file or directory
Hostname:  was not in authorized keys or the file doesn't exist
Setting up pi-docker-215
Changed hostname in /etc/hostname to pi-docker-215
Changed hostname in /etc/hosts to pi-docker-215
New Hostname: pi-docker-215
Ign:1 cdrom://Ubuntu 16.04.3 LTS _Xenial Xerus_ - Release amd64 (20170801) xenial InRelease
Hit:2 cdrom://Ubuntu 16.04.3 LTS _Xenial Xerus_ - Release amd64 (20170801) xenial Release
Get:4 http://security.ubuntu.com/ubuntu xenial-security InRelease [102 kB]
Hit:5 http://archive.ubuntu.com/ubuntu xenial InRelease
Hit:6 https://download.docker.com/linux/ubuntu xenial InRelease
Hit:7 http://archive.ubuntu.com/ubuntu xenial-updates InRelease

** (appstreamcli:29375): CRITICAL **: Error while moving old database out of the way.
AppStream cache update failed.
Fetched 102 kB in 0s (235 kB/s)
Reading package lists...
Reading package lists...
Building dependency tree...
Reading state information...
ufw is already the newest version (0.35-0ubuntu2).
sshpass is already the newest version (1.05-1).
0 upgraded, 0 newly installed, 0 to remove and 349 not upgraded.
Removing services listed in: assets/services
portainer
Error: No such service: portainer
Service: portainer could not be removed, or does not exists
Cleaning up old volumes, images, containers specified in assets/clean
Removing volumes listed in: ./assets/volumes
portainer
Volume: portainer was removed
Removing networks listed in: assets/networks
No networks to remove
Removing secrets listed in: assets/secrets
PORTAINER_PASSWORD
Secret: PORTAINER_PASSWORD removed
Creating volumes listed in: assets/volumes
portainer
Creating networks listed in: assets/networks
No networks to create
Creating docker secrets listed in: assets/secrets
hlkgnsuj95bupe2ghmzawqqsx
Building images listed in: assets/build
No images to build
Pushing to docker hub images listed in: assets/push
No images to push
Pulling images listed in: assets/images
latest: Pulling from portainer/portainer
Digest: sha256:ea22d362cba64fe0aec1641534812fef84e09e21bef05a2c761f7c7ec8d7185e
Status: Image is up to date for portainer/portainer:latest
js414wi43g1u4s03rgj5l7gr7
overall progress: 0 out of 1 tasks
overall progress: 0 out of 1 tasks
overall progress: 0 out of 1 tasks
overall progress: 0 out of 1 tasks
overall progress: 0 out of 1 tasks
overall progress: 1 out of 1 tasks
verify: Waiting 5 seconds to verify that tasks are stable...
verify: Waiting 5 seconds to verify that tasks are stable...
verify: Waiting 5 seconds to verify that tasks are stable...
verify: Waiting 5 seconds to verify that tasks are stable...
verify: Waiting 5 seconds to verify that tasks are stable...
verify: Waiting 4 seconds to verify that tasks are stable...
verify: Waiting 4 seconds to verify that tasks are stable...
verify: Waiting 4 seconds to verify that tasks are stable...
verify: Waiting 4 seconds to verify that tasks are stable...
verify: Waiting 4 seconds to verify that tasks are stable...
verify: Waiting 3 seconds to verify that tasks are stable...
verify: Waiting 3 seconds to verify that tasks are stable...
verify: Waiting 3 seconds to verify that tasks are stable...
verify: Waiting 3 seconds to verify that tasks are stable...
verify: Waiting 3 seconds to verify that tasks are stable...
verify: Waiting 2 seconds to verify that tasks are stable...
verify: Waiting 2 seconds to verify that tasks are stable...
verify: Waiting 2 seconds to verify that tasks are stable...
verify: Waiting 2 seconds to verify that tasks are stable...
verify: Waiting 2 seconds to verify that tasks are stable...
verify: Waiting 1 seconds to verify that tasks are stable...
verify: Waiting 1 seconds to verify that tasks are stable...
verify: Waiting 1 seconds to verify that tasks are stable...
verify: Waiting 1 seconds to verify that tasks are stable...
verify: Waiting 1 seconds to verify that tasks are stable...
verify: Service converged
Removing all keys associated with  from authorized_keys
./setup.sh: line 11: sed -i //d ~/.ssh/authorized_keys: No such file or directory
Hostname:  was not in authorized keys or the file doesn't exist
Setting up pi-docker-215
Changed hostname in /etc/hostname to pi-docker-215
Changed hostname in /etc/hosts to pi-docker-215
New Hostname: pi-docker-215
Ign:1 cdrom://Ubuntu 16.04.3 LTS _Xenial Xerus_ - Release amd64 (20170801) xenial InRelease
Hit:2 cdrom://Ubuntu 16.04.3 LTS _Xenial Xerus_ - Release amd64 (20170801) xenial Release
Get:4 http://security.ubuntu.com/ubuntu xenial-security InRelease [102 kB]
Hit:5 http://archive.ubuntu.com/ubuntu xenial InRelease
Hit:6 https://download.docker.com/linux/ubuntu xenial InRelease
Hit:7 http://archive.ubuntu.com/ubuntu xenial-updates InRelease

** (appstreamcli:30623): CRITICAL **: Error while moving old database out of the way.
AppStream cache update failed.
Fetched 102 kB in 0s (205 kB/s)
Reading package lists...
Reading package lists...
Building dependency tree...
Reading state information...
ufw is already the newest version (0.35-0ubuntu2).
sshpass is already the newest version (1.05-1).
0 upgraded, 0 newly installed, 0 to remove and 349 not upgraded.
Removing services listed in: assets/services
portainer
portainer
Service: portainer removed
Cleaning up old volumes, images, containers specified in assets/clean
Removing volumes listed in: ./assets/volumes
Volume: portainer was not removed or failed
Error response from daemon: unable to remove volume: remove portainer: volume is in use - [9eede7a13be320931990ee29aa6d249cdc62403ec136c1857d88d04c280eb440]
Removing networks listed in: assets/networks
No networks to remove
Removing secrets listed in: assets/secrets
PORTAINER_PASSWORD
Secret: PORTAINER_PASSWORD removed
Creating volumes listed in: assets/volumes
portainer
Creating networks listed in: assets/networks
No networks to create
Creating docker secrets listed in: assets/secrets
dc21aze9u21ontud20i2jfyar
Building images listed in: assets/build
No images to build
Pushing to docker hub images listed in: assets/push
No images to push
Pulling images listed in: assets/images
latest: Pulling from portainer/portainer
Digest: sha256:ea22d362cba64fe0aec1641534812fef84e09e21bef05a2c761f7c7ec8d7185e
Status: Image is up to date for portainer/portainer:latest
r8fda50lso8xvtqkib1giuw9z
overall progress: 0 out of 1 tasks
overall progress: 0 out of 1 tasks
overall progress: 0 out of 1 tasks
overall progress: 0 out of 1 tasks
overall progress: 0 out of 1 tasks
overall progress: 1 out of 1 tasks
verify: Waiting 5 seconds to verify that tasks are stable...
verify: Waiting 5 seconds to verify that tasks are stable...
verify: Waiting 5 seconds to verify that tasks are stable...
verify: Waiting 5 seconds to verify that tasks are stable...
verify: Waiting 5 seconds to verify that tasks are stable...
verify: Waiting 4 seconds to verify that tasks are stable...
verify: Waiting 4 seconds to verify that tasks are stable...
verify: Waiting 4 seconds to verify that tasks are stable...
verify: Waiting 4 seconds to verify that tasks are stable...
verify: Waiting 4 seconds to verify that tasks are stable...
verify: Waiting 3 seconds to verify that tasks are stable...
verify: Waiting 3 seconds to verify that tasks are stable...
verify: Waiting 3 seconds to verify that tasks are stable...
verify: Waiting 3 seconds to verify that tasks are stable...
verify: Waiting 3 seconds to verify that tasks are stable...
verify: Waiting 2 seconds to verify that tasks are stable...
verify: Waiting 2 seconds to verify that tasks are stable...
verify: Waiting 2 seconds to verify that tasks are stable...
verify: Waiting 2 seconds to verify that tasks are stable...
verify: Waiting 2 seconds to verify that tasks are stable...
verify: Waiting 1 seconds to verify that tasks are stable...
verify: Waiting 1 seconds to verify that tasks are stable...
verify: Waiting 1 seconds to verify that tasks are stable...
verify: Waiting 1 seconds to verify that tasks are stable...
verify: Waiting 1 seconds to verify that tasks are stable...
verify: Service converged
Removing all keys associated with  from authorized_keys
./setup.sh: line 11: sed -i //d ~/.ssh/authorized_keys: No such file or directory
Hostname:  was not in authorized keys or the file doesn't exist
Setting up pi-docker-215
Changed hostname in /etc/hostname to pi-docker-215
Changed hostname in /etc/hosts to pi-docker-215
New Hostname: pi-docker-215
Ign:1 cdrom://Ubuntu 16.04.3 LTS _Xenial Xerus_ - Release amd64 (20170801) xenial InRelease
Hit:2 cdrom://Ubuntu 16.04.3 LTS _Xenial Xerus_ - Release amd64 (20170801) xenial Release
Get:4 http://security.ubuntu.com/ubuntu xenial-security InRelease [102 kB]
Hit:5 http://archive.ubuntu.com/ubuntu xenial InRelease
Hit:6 https://download.docker.com/linux/ubuntu xenial InRelease
Hit:7 http://archive.ubuntu.com/ubuntu xenial-updates InRelease

** (appstreamcli:31917): CRITICAL **: Error while moving old database out of the way.
AppStream cache update failed.
Fetched 102 kB in 0s (177 kB/s)
Reading package lists...
Reading package lists...
Building dependency tree...
Reading state information...
ufw is already the newest version (0.35-0ubuntu2).
sshpass is already the newest version (1.05-1).
0 upgraded, 0 newly installed, 0 to remove and 349 not upgraded.
Removing services listed in: assets/services
portainer
portainer
Service: portainer removed
Cleaning up old volumes, images, containers specified in assets/clean
Removing volumes listed in: ./assets/volumes
Volume: portainer was not removed or failed
Error response from daemon: unable to remove volume: remove portainer: volume is in use - [c13243b24967b5e48abafde430ca69ff8accb4e681be96382d6792ee9c713078]
Removing networks listed in: assets/networks
No networks to remove
Removing secrets listed in: assets/secrets
PORTAINER_PASSWORD
Secret: PORTAINER_PASSWORD removed
Creating volumes listed in: assets/volumes
portainer
Creating networks listed in: assets/networks
No networks to create
Creating docker secrets listed in: assets/secrets
173ejz72ooao7km9gdbismzvt
Building images listed in: assets/build
No images to build
Pushing to docker hub images listed in: assets/push
No images to push
Pulling images listed in: assets/images
latest: Pulling from portainer/portainer
Digest: sha256:ea22d362cba64fe0aec1641534812fef84e09e21bef05a2c761f7c7ec8d7185e
Status: Image is up to date for portainer/portainer:latest
Removing all keys associated with  from authorized_keys
Hostname:  was not in authorized keys or the file doesn't exist
./setup.sh: line 11: sed -i //d ~/.ssh/authorized_keys: No such file or directory
Setting up pi-docker-215
Changed hostname in /etc/hostname to pi-docker-215
Changed hostname in /etc/hosts to pi-docker-215
New Hostname: pi-docker-215
Ign:1 cdrom://Ubuntu 16.04.3 LTS _Xenial Xerus_ - Release amd64 (20170801) xenial InRelease
Hit:2 cdrom://Ubuntu 16.04.3 LTS _Xenial Xerus_ - Release amd64 (20170801) xenial Release
Hit:4 http://archive.ubuntu.com/ubuntu xenial InRelease
Get:5 http://security.ubuntu.com/ubuntu xenial-security InRelease [102 kB]
Hit:6 http://archive.ubuntu.com/ubuntu xenial-updates InRelease
Hit:7 https://download.docker.com/linux/ubuntu xenial InRelease

** (appstreamcli:838): CRITICAL **: Error while moving old database out of the way.
AppStream cache update failed.
Fetched 102 kB in 1s (56.4 kB/s)
Reading package lists...
Reading package lists...
Building dependency tree...
Reading state information...
ufw is already the newest version (0.35-0ubuntu2).
sshpass is already the newest version (1.05-1).
0 upgraded, 0 newly installed, 0 to remove and 349 not upgraded.
Removing services listed in: assets/services
portainer
Service: portainer could not be removed, or does not exists
Error: No such service: portainer
Cleaning up old volumes, images, containers specified in assets/clean
Removing volumes listed in: ./assets/volumes
portainer
Volume: portainer was removed
Removing networks listed in: assets/networks
No networks to remove
Removing secrets listed in: assets/secrets
PORTAINER_PASSWORD
Secret: PORTAINER_PASSWORD removed
Creating volumes listed in: assets/volumes
portainer
Creating networks listed in: assets/networks
No networks to create
Creating docker secrets listed in: assets/secrets
kop87k24lhbq6ml87ei6e62f8
Building images listed in: assets/build
No images to build
Pushing to docker hub images listed in: assets/push
No images to push
Pulling images listed in: assets/images
latest: Pulling from portainer/portainer
Digest: sha256:ea22d362cba64fe0aec1641534812fef84e09e21bef05a2c761f7c7ec8d7185e
Status: Image is up to date for portainer/portainer:latest
sp3fzwef4azlem4j9lnkk37d0
overall progress: 0 out of 1 tasks
overall progress: 0 out of 1 tasks
overall progress: 0 out of 1 tasks
overall progress: 0 out of 1 tasks
overall progress: 0 out of 1 tasks
overall progress: 1 out of 1 tasks
verify: Waiting 5 seconds to verify that tasks are stable...
verify: Waiting 5 seconds to verify that tasks are stable...
verify: Waiting 5 seconds to verify that tasks are stable...
verify: Waiting 5 seconds to verify that tasks are stable...
verify: Waiting 5 seconds to verify that tasks are stable...
verify: Waiting 4 seconds to verify that tasks are stable...
verify: Waiting 4 seconds to verify that tasks are stable...
verify: Waiting 4 seconds to verify that tasks are stable...
verify: Waiting 4 seconds to verify that tasks are stable...
verify: Waiting 4 seconds to verify that tasks are stable...
verify: Waiting 3 seconds to verify that tasks are stable...
verify: Waiting 3 seconds to verify that tasks are stable...
verify: Waiting 3 seconds to verify that tasks are stable...
verify: Waiting 3 seconds to verify that tasks are stable...
verify: Waiting 3 seconds to verify that tasks are stable...
verify: Waiting 2 seconds to verify that tasks are stable...
verify: Waiting 2 seconds to verify that tasks are stable...
verify: Waiting 2 seconds to verify that tasks are stable...
verify: Waiting 2 seconds to verify that tasks are stable...
verify: Waiting 2 seconds to verify that tasks are stable...
verify: Waiting 1 seconds to verify that tasks are stable...
verify: Waiting 1 seconds to verify that tasks are stable...
verify: Waiting 1 seconds to verify that tasks are stable...
verify: Waiting 1 seconds to verify that tasks are stable...
verify: Waiting 1 seconds to verify that tasks are stable...
verify: Service converged
Removing all keys associated with  from authorized_keys
Hostname:  was not in authorized keys or the file doesn't exist
./setup.sh: line 11: sed -i //d ~/.ssh/authorized_keys: No such file or directory
Setting up pi-docker-215
Changed hostname in /etc/hostname to pi-docker-215
Changed hostname in /etc/hosts to pi-docker-215
New Hostname: pi-docker-215
Ign:1 cdrom://Ubuntu 16.04.3 LTS _Xenial Xerus_ - Release amd64 (20170801) xenial InRelease
Hit:2 cdrom://Ubuntu 16.04.3 LTS _Xenial Xerus_ - Release amd64 (20170801) xenial Release
Hit:4 http://archive.ubuntu.com/ubuntu xenial InRelease
Get:5 http://security.ubuntu.com/ubuntu xenial-security InRelease [102 kB]
Hit:6 http://archive.ubuntu.com/ubuntu xenial-updates InRelease
Hit:7 https://download.docker.com/linux/ubuntu xenial InRelease

** (appstreamcli:2166): CRITICAL **: Error while moving old database out of the way.
AppStream cache update failed.
Fetched 102 kB in 0s (179 kB/s)
Reading package lists...
Reading package lists...
Building dependency tree...
Reading state information...
ufw is already the newest version (0.35-0ubuntu2).
sshpass is already the newest version (1.05-1).
0 upgraded, 0 newly installed, 0 to remove and 349 not upgraded.
Removing services listed in: assets/services
portainer
portainer
Service: portainer removed
Cleaning up old volumes, images, containers specified in assets/clean
Removing volumes listed in: ./assets/volumes
Error response from daemon: unable to remove volume: remove portainer: volume is in use - [0a811a7bcbb247f5ccd575a82e18874b4f09c64628c470f253efcc508095cb94]
Volume: portainer was not removed or failed
Removing networks listed in: assets/networks
No networks to remove
Removing secrets listed in: assets/secrets
PORTAINER_PASSWORD
Secret: PORTAINER_PASSWORD removed
Creating volumes listed in: assets/volumes
portainer
Creating networks listed in: assets/networks
No networks to create
Creating docker secrets listed in: assets/secrets
lewdvixu36hv9c7hdq1xzj3vj
Building images listed in: assets/build
No images to build
Pushing to docker hub images listed in: assets/push
No images to push
Pulling images listed in: assets/images
latest: Pulling from portainer/portainer
Digest: sha256:ea22d362cba64fe0aec1641534812fef84e09e21bef05a2c761f7c7ec8d7185e
Status: Image is up to date for portainer/portainer:latest
pd9fb9clib101hw02op4n4dtl
overall progress: 0 out of 1 tasks
overall progress: 0 out of 1 tasks
overall progress: 0 out of 1 tasks
overall progress: 0 out of 1 tasks
overall progress: 0 out of 1 tasks
overall progress: 1 out of 1 tasks
verify: Waiting 5 seconds to verify that tasks are stable...
verify: Waiting 5 seconds to verify that tasks are stable...
verify: Waiting 5 seconds to verify that tasks are stable...
verify: Waiting 5 seconds to verify that tasks are stable...
verify: Waiting 5 seconds to verify that tasks are stable...
verify: Waiting 4 seconds to verify that tasks are stable...
verify: Waiting 4 seconds to verify that tasks are stable...
verify: Waiting 4 seconds to verify that tasks are stable...
verify: Waiting 4 seconds to verify that tasks are stable...
verify: Waiting 4 seconds to verify that tasks are stable...
verify: Waiting 3 seconds to verify that tasks are stable...
verify: Waiting 3 seconds to verify that tasks are stable...
verify: Waiting 3 seconds to verify that tasks are stable...
verify: Waiting 3 seconds to verify that tasks are stable...
verify: Waiting 3 seconds to verify that tasks are stable...
verify: Waiting 2 seconds to verify that tasks are stable...
verify: Waiting 2 seconds to verify that tasks are stable...
verify: Waiting 2 seconds to verify that tasks are stable...
verify: Waiting 2 seconds to verify that tasks are stable...
verify: Waiting 2 seconds to verify that tasks are stable...
verify: Waiting 1 seconds to verify that tasks are stable...
verify: Waiting 1 seconds to verify that tasks are stable...
verify: Waiting 1 seconds to verify that tasks are stable...
verify: Waiting 1 seconds to verify that tasks are stable...
verify: Waiting 1 seconds to verify that tasks are stable...
verify: Service converged
Removing all keys associated with  from authorized_keys
Hostname:  was not in authorized keys or the file doesn't exist
./setup.sh: line 11: sed -i //d ~/.ssh/authorized_keys: No such file or directory
Setting up pi-docker-215
Changed hostname in /etc/hostname to pi-docker-215
Changed hostname in /etc/hosts to pi-docker-215
New Hostname: pi-docker-215
Ign:1 cdrom://Ubuntu 16.04.3 LTS _Xenial Xerus_ - Release amd64 (20170801) xenial InRelease
Hit:2 cdrom://Ubuntu 16.04.3 LTS _Xenial Xerus_ - Release amd64 (20170801) xenial Release
Hit:4 https://download.docker.com/linux/ubuntu xenial InRelease
Hit:5 http://archive.ubuntu.com/ubuntu xenial InRelease
Get:6 http://security.ubuntu.com/ubuntu xenial-security InRelease [102 kB]
Hit:7 http://archive.ubuntu.com/ubuntu xenial-updates InRelease

** (appstreamcli:3534): CRITICAL **: Error while moving old database out of the way.
AppStream cache update failed.
Fetched 102 kB in 0s (168 kB/s)
Reading package lists...
Reading package lists...
Building dependency tree...
Reading state information...
ufw is already the newest version (0.35-0ubuntu2).
sshpass is already the newest version (1.05-1).
0 upgraded, 0 newly installed, 0 to remove and 349 not upgraded.
Removing services listed in: assets/services
portainer
portainer
Service: portainer removed
Cleaning up old volumes, images, containers specified in assets/clean
Removing volumes listed in: ./assets/volumes
Volume: portainer was not removed or failed
Error response from daemon: unable to remove volume: remove portainer: volume is in use - [4072c2e5c5d5b9b8dc62df716cf1f148b5b58927ffa8af536a4a394ba9868565]
Removing networks listed in: assets/networks
No networks to remove
Removing secrets listed in: assets/secrets
PORTAINER_PASSWORD
Secret: PORTAINER_PASSWORD removed
Creating volumes listed in: assets/volumes
portainer
Creating networks listed in: assets/networks
No networks to create
Creating docker secrets listed in: assets/secrets
vmor002jcc9od2wdyo0pp8dz9
Building images listed in: assets/build
No images to build
Pushing to docker hub images listed in: assets/push
No images to push
Pulling images listed in: assets/images
latest: Pulling from portainer/portainer
Digest: sha256:ea22d362cba64fe0aec1641534812fef84e09e21bef05a2c761f7c7ec8d7185e
Status: Image is up to date for portainer/portainer:latest
v4bffh4e60ld3mecya2dsgitx
overall progress: 0 out of 1 tasks
overall progress: 0 out of 1 tasks
overall progress: 0 out of 1 tasks
overall progress: 0 out of 1 tasks
overall progress: 0 out of 1 tasks
overall progress: 0 out of 1 tasks
overall progress: 1 out of 1 tasks
verify: Waiting 5 seconds to verify that tasks are stable...
verify: Waiting 5 seconds to verify that tasks are stable...
verify: Waiting 5 seconds to verify that tasks are stable...
verify: Waiting 5 seconds to verify that tasks are stable...
verify: Waiting 5 seconds to verify that tasks are stable...
verify: Waiting 4 seconds to verify that tasks are stable...
verify: Waiting 4 seconds to verify that tasks are stable...
verify: Waiting 4 seconds to verify that tasks are stable...
verify: Waiting 4 seconds to verify that tasks are stable...
verify: Waiting 4 seconds to verify that tasks are stable...
verify: Waiting 3 seconds to verify that tasks are stable...
verify: Waiting 3 seconds to verify that tasks are stable...
verify: Waiting 3 seconds to verify that tasks are stable...
verify: Waiting 3 seconds to verify that tasks are stable...
verify: Waiting 3 seconds to verify that tasks are stable...
verify: Waiting 2 seconds to verify that tasks are stable...
verify: Waiting 2 seconds to verify that tasks are stable...
verify: Waiting 2 seconds to verify that tasks are stable...
verify: Waiting 2 seconds to verify that tasks are stable...
verify: Waiting 2 seconds to verify that tasks are stable...
verify: Waiting 1 seconds to verify that tasks are stable...
verify: Waiting 1 seconds to verify that tasks are stable...
verify: Waiting 1 seconds to verify that tasks are stable...
verify: Waiting 1 seconds to verify that tasks are stable...
verify: Waiting 1 seconds to verify that tasks are stable...
verify: Service converged
Removing all keys associated with  from authorized_keys
Hostname:  was not in authorized keys or the file doesn't exist
./setup.sh: line 11: sed -i //d ~/.ssh/authorized_keys: No such file or directory
Setting up pi-docker-215
Changed hostname in /etc/hostname to pi-docker-215
Changed hostname in /etc/hosts to pi-docker-215
New Hostname: pi-docker-215
Ign:1 cdrom://Ubuntu 16.04.3 LTS _Xenial Xerus_ - Release amd64 (20170801) xenial InRelease
Hit:2 cdrom://Ubuntu 16.04.3 LTS _Xenial Xerus_ - Release amd64 (20170801) xenial Release
Hit:4 https://download.docker.com/linux/ubuntu xenial InRelease
Hit:5 http://archive.ubuntu.com/ubuntu xenial InRelease
Get:6 http://security.ubuntu.com/ubuntu xenial-security InRelease [102 kB]
Get:7 http://archive.ubuntu.com/ubuntu xenial-updates InRelease [102 kB]

** (appstreamcli:5216): CRITICAL **: Error while moving old database out of the way.
AppStream cache update failed.
Fetched 204 kB in 0s (269 kB/s)
Reading package lists...
Reading package lists...
Building dependency tree...
Reading state information...
ufw is already the newest version (0.35-0ubuntu2).
sshpass is already the newest version (1.05-1).
0 upgraded, 0 newly installed, 0 to remove and 349 not upgraded.
Removing services listed in: assets/services
portainer
portainer
Service: portainer removed
Cleaning up old volumes, images, containers specified in assets/clean
Removing volumes listed in: ./assets/volumes
Volume: portainer was not removed or failed
Error response from daemon: unable to remove volume: remove portainer: volume is in use - [056ed4eedf6411d94952ada527d8e055bb09cbfc7bd63cbf4f314246e57c7937]
Removing networks listed in: assets/networks
No networks to remove
Removing secrets listed in: assets/secrets
PORTAINER_PASSWORD
Secret: PORTAINER_PASSWORD removed
Creating volumes listed in: assets/volumes
portainer
Creating networks listed in: assets/networks
No networks to create
Creating docker secrets listed in: assets/secrets
kv15lctn7arrwk3rwu0q633ur
Building images listed in: assets/build
No images to build
Pushing to docker hub images listed in: assets/push
No images to push
Pulling images listed in: assets/images
latest: Pulling from portainer/portainer
Digest: sha256:ea22d362cba64fe0aec1641534812fef84e09e21bef05a2c761f7c7ec8d7185e
Status: Image is up to date for portainer/portainer:latest
mnofs8ox5o3aatxu9vj09f9rr
overall progress: 0 out of 1 tasks
overall progress: 0 out of 1 tasks
overall progress: 0 out of 1 tasks
overall progress: 0 out of 1 tasks
overall progress: 0 out of 1 tasks
overall progress: 1 out of 1 tasks
verify: Waiting 5 seconds to verify that tasks are stable...
verify: Waiting 5 seconds to verify that tasks are stable...
verify: Waiting 5 seconds to verify that tasks are stable...
verify: Waiting 5 seconds to verify that tasks are stable...
verify: Waiting 5 seconds to verify that tasks are stable...
verify: Waiting 4 seconds to verify that tasks are stable...
verify: Waiting 4 seconds to verify that tasks are stable...
verify: Waiting 4 seconds to verify that tasks are stable...
verify: Waiting 4 seconds to verify that tasks are stable...
verify: Waiting 4 seconds to verify that tasks are stable...
verify: Waiting 3 seconds to verify that tasks are stable...
verify: Waiting 3 seconds to verify that tasks are stable...
verify: Waiting 3 seconds to verify that tasks are stable...
verify: Waiting 3 seconds to verify that tasks are stable...
verify: Waiting 3 seconds to verify that tasks are stable...
verify: Waiting 2 seconds to verify that tasks are stable...
verify: Waiting 2 seconds to verify that tasks are stable...
verify: Waiting 2 seconds to verify that tasks are stable...
verify: Waiting 2 seconds to verify that tasks are stable...
verify: Waiting 2 seconds to verify that tasks are stable...
verify: Waiting 1 seconds to verify that tasks are stable...
verify: Waiting 1 seconds to verify that tasks are stable...
verify: Waiting 1 seconds to verify that tasks are stable...
verify: Waiting 1 seconds to verify that tasks are stable...
verify: Waiting 1 seconds to verify that tasks are stable...
verify: Service converged
Removing all keys associated with  from authorized_keys
Hostname:  was not in authorized keys or the file doesn't exist
./setup.sh: line 11: sed -i //d ~/.ssh/authorized_keys: No such file or directory
Setting up pi-docker-215
Changed hostname in /etc/hostname to pi-docker-215
Changed hostname in /etc/hosts to pi-docker-215
New Hostname: pi-docker-215
Ign:1 cdrom://Ubuntu 16.04.3 LTS _Xenial Xerus_ - Release amd64 (20170801) xenial InRelease
Hit:2 cdrom://Ubuntu 16.04.3 LTS _Xenial Xerus_ - Release amd64 (20170801) xenial Release
Hit:4 http://archive.ubuntu.com/ubuntu xenial InRelease
Get:5 http://security.ubuntu.com/ubuntu xenial-security InRelease [102 kB]
Hit:6 https://download.docker.com/linux/ubuntu xenial InRelease
Get:7 http://archive.ubuntu.com/ubuntu xenial-updates InRelease [102 kB]

** (appstreamcli:6569): CRITICAL **: Error while moving old database out of the way.
AppStream cache update failed.
Fetched 204 kB in 0s (298 kB/s)
Reading package lists...
Reading package lists...
Building dependency tree...
Reading state information...
ufw is already the newest version (0.35-0ubuntu2).
sshpass is already the newest version (1.05-1).
0 upgraded, 0 newly installed, 0 to remove and 349 not upgraded.
Removing services listed in: assets/services
portainer
portainer
Service: portainer removed
Cleaning up old volumes, images, containers specified in assets/clean
Removing volumes listed in: ./assets/volumes
Volume: portainer was not removed or failed
Error response from daemon: unable to remove volume: remove portainer: volume is in use - [0bc9e1c184a1d96844b37b0ba648f0c466050439acc37e3ad75bab42714517f0]
Removing networks listed in: assets/networks
No networks to remove
Removing secrets listed in: assets/secrets
PORTAINER_PASSWORD
Secret: PORTAINER_PASSWORD removed
Creating volumes listed in: assets/volumes
portainer
Creating networks listed in: assets/networks
No networks to create
Creating docker secrets listed in: assets/secrets
5qh9hd346l32e6fusiajszfcx
Building images listed in: assets/build
No images to build
Pushing to docker hub images listed in: assets/push
No images to push
Pulling images listed in: assets/images
latest: Pulling from portainer/portainer
Digest: sha256:ea22d362cba64fe0aec1641534812fef84e09e21bef05a2c761f7c7ec8d7185e
Status: Image is up to date for portainer/portainer:latest
ine5p8048asc6586kniaurkif
overall progress: 0 out of 1 tasks
overall progress: 0 out of 1 tasks
overall progress: 0 out of 1 tasks
overall progress: 0 out of 1 tasks
overall progress: 0 out of 1 tasks
overall progress: 1 out of 1 tasks
verify: Waiting 5 seconds to verify that tasks are stable...
verify: Waiting 5 seconds to verify that tasks are stable...
verify: Waiting 5 seconds to verify that tasks are stable...
verify: Waiting 5 seconds to verify that tasks are stable...
verify: Waiting 5 seconds to verify that tasks are stable...
verify: Waiting 4 seconds to verify that tasks are stable...
verify: Waiting 4 seconds to verify that tasks are stable...
verify: Waiting 4 seconds to verify that tasks are stable...
verify: Waiting 4 seconds to verify that tasks are stable...
verify: Waiting 4 seconds to verify that tasks are stable...
verify: Waiting 3 seconds to verify that tasks are stable...
verify: Waiting 3 seconds to verify that tasks are stable...
verify: Waiting 3 seconds to verify that tasks are stable...
verify: Waiting 3 seconds to verify that tasks are stable...
verify: Waiting 3 seconds to verify that tasks are stable...
verify: Waiting 2 seconds to verify that tasks are stable...
verify: Waiting 2 seconds to verify that tasks are stable...
verify: Waiting 2 seconds to verify that tasks are stable...
verify: Waiting 2 seconds to verify that tasks are stable...
verify: Waiting 2 seconds to verify that tasks are stable...
verify: Waiting 1 seconds to verify that tasks are stable...
verify: Waiting 1 seconds to verify that tasks are stable...
verify: Waiting 1 seconds to verify that tasks are stable...
verify: Waiting 1 seconds to verify that tasks are stable...
verify: Waiting 1 seconds to verify that tasks are stable...
verify: Service converged
Removing all keys associated with  from authorized_keys
Hostname:  was not in authorized keys or the file doesn't exist
./setup.sh: line 11: sed -i //d ~/.ssh/authorized_keys: No such file or directory
Setting up pi-docker-215
Changed hostname in /etc/hostname to pi-docker-215
Changed hostname in /etc/hosts to pi-docker-215
New Hostname: pi-docker-215
Ign:1 cdrom://Ubuntu 16.04.3 LTS _Xenial Xerus_ - Release amd64 (20170801) xenial InRelease
Hit:2 cdrom://Ubuntu 16.04.3 LTS _Xenial Xerus_ - Release amd64 (20170801) xenial Release
Hit:4 http://archive.ubuntu.com/ubuntu xenial InRelease
Get:5 http://security.ubuntu.com/ubuntu xenial-security InRelease [102 kB]
Get:6 http://archive.ubuntu.com/ubuntu xenial-updates InRelease [102 kB]
Hit:7 https://download.docker.com/linux/ubuntu xenial InRelease

** (appstreamcli:7849): CRITICAL **: Error while moving old database out of the way.
AppStream cache update failed.
Fetched 204 kB in 0s (312 kB/s)
Reading package lists...
Reading package lists...
Building dependency tree...
Reading state information...
ufw is already the newest version (0.35-0ubuntu2).
sshpass is already the newest version (1.05-1).
0 upgraded, 0 newly installed, 0 to remove and 349 not upgraded.
Removing services listed in: assets/services
portainer
portainer
Service: portainer removed
Cleaning up old volumes, images, containers specified in assets/clean
Removing volumes listed in: ./assets/volumes
Volume: portainer was not removed or failed
Error response from daemon: unable to remove volume: remove portainer: volume is in use - [f5223a20ecc64728e10922d4a34f691214cd3a576b4f3cee592273b322f76d4e]
Removing networks listed in: assets/networks
No networks to remove
Removing secrets listed in: assets/secrets
PORTAINER_PASSWORD
Secret: PORTAINER_PASSWORD removed
Creating volumes listed in: assets/volumes
portainer
Creating networks listed in: assets/networks
No networks to create
Creating docker secrets listed in: assets/secrets
lyqvddj5y81obnmumhy8si8cc
Building images listed in: assets/build
No images to build
Pushing to docker hub images listed in: assets/push
No images to push
Pulling images listed in: assets/images
latest: Pulling from portainer/portainer
Digest: sha256:ea22d362cba64fe0aec1641534812fef84e09e21bef05a2c761f7c7ec8d7185e
Status: Image is up to date for portainer/portainer:latest
vkcozueb7dyqxkuiqn6b8jlkg
overall progress: 0 out of 1 tasks
overall progress: 0 out of 1 tasks
overall progress: 0 out of 1 tasks
overall progress: 0 out of 1 tasks
overall progress: 0 out of 1 tasks
overall progress: 1 out of 1 tasks
verify: Waiting 5 seconds to verify that tasks are stable...
verify: Waiting 5 seconds to verify that tasks are stable...
verify: Waiting 5 seconds to verify that tasks are stable...
verify: Waiting 5 seconds to verify that tasks are stable...
verify: Waiting 5 seconds to verify that tasks are stable...
verify: Waiting 4 seconds to verify that tasks are stable...
verify: Waiting 4 seconds to verify that tasks are stable...
verify: Waiting 4 seconds to verify that tasks are stable...
verify: Waiting 4 seconds to verify that tasks are stable...
verify: Waiting 4 seconds to verify that tasks are stable...
verify: Waiting 3 seconds to verify that tasks are stable...
verify: Waiting 3 seconds to verify that tasks are stable...
verify: Waiting 3 seconds to verify that tasks are stable...
verify: Waiting 3 seconds to verify that tasks are stable...
verify: Waiting 3 seconds to verify that tasks are stable...
verify: Waiting 2 seconds to verify that tasks are stable...
verify: Waiting 2 seconds to verify that tasks are stable...
verify: Waiting 2 seconds to verify that tasks are stable...
verify: Waiting 2 seconds to verify that tasks are stable...
verify: Waiting 2 seconds to verify that tasks are stable...
verify: Waiting 1 seconds to verify that tasks are stable...
verify: Waiting 1 seconds to verify that tasks are stable...
verify: Waiting 1 seconds to verify that tasks are stable...
verify: Waiting 1 seconds to verify that tasks are stable...
verify: Waiting 1 seconds to verify that tasks are stable...
verify: Service converged
Removing all keys associated with  from authorized_keys
Hostname:  was not in authorized keys or the file doesn't exist
./setup.sh: line 11: sed -i //d ~/.ssh/authorized_keys: No such file or directory
Setting up pi-docker-215
Changed hostname in /etc/hostname to pi-docker-215
Changed hostname in /etc/hosts to pi-docker-215
New Hostname: pi-docker-215
Ign:1 cdrom://Ubuntu 16.04.3 LTS _Xenial Xerus_ - Release amd64 (20170801) xenial InRelease
Hit:2 cdrom://Ubuntu 16.04.3 LTS _Xenial Xerus_ - Release amd64 (20170801) xenial Release
Hit:4 http://archive.ubuntu.com/ubuntu xenial InRelease
Get:5 http://security.ubuntu.com/ubuntu xenial-security InRelease [102 kB]
Hit:6 https://download.docker.com/linux/ubuntu xenial InRelease
Get:7 http://archive.ubuntu.com/ubuntu xenial-updates InRelease [102 kB]

** (appstreamcli:9161): CRITICAL **: Error while moving old database out of the way.
AppStream cache update failed.
Fetched 204 kB in 0s (308 kB/s)
Reading package lists...
Reading package lists...
Building dependency tree...
Reading state information...
ufw is already the newest version (0.35-0ubuntu2).
sshpass is already the newest version (1.05-1).
0 upgraded, 0 newly installed, 0 to remove and 349 not upgraded.
Removing services listed in: assets/services
portainer
portainer
Service: portainer removed
Cleaning up old volumes, images, containers specified in assets/clean
Removing volumes listed in: ./assets/volumes
Volume: portainer was not removed or failed
Error response from daemon: unable to remove volume: remove portainer: volume is in use - [170f1c31c40028f6e2b6a406a6244c84870f13043597ac0b23014fc579d9ce44]
Volume: other_volume was not removed or failed
Error: No such volume: other_volume
Removing networks listed in: assets/networks
Removing secrets listed in: assets/secrets
PORTAINER_PASSWORD
Secret: PORTAINER_PASSWORD removed
Creating volumes listed in: assets/volumes
portainer
other_volume
Creating networks listed in: assets/networks
Creating docker secrets listed in: assets/secrets
z0dm8llg0xaxi8xv199tphyqm
Building images listed in: assets/build
No images to build
Pushing to docker hub images listed in: assets/push
No images to push
Pulling images listed in: assets/images
latest: Pulling from portainer/portainer
Digest: sha256:ea22d362cba64fe0aec1641534812fef84e09e21bef05a2c761f7c7ec8d7185e
Status: Image is up to date for portainer/portainer:latest
u3dfqaqxtmgj4ob99za005qg7
overall progress: 0 out of 1 tasks
overall progress: 0 out of 1 tasks
overall progress: 0 out of 1 tasks
overall progress: 0 out of 1 tasks
overall progress: 0 out of 1 tasks
overall progress: 1 out of 1 tasks
verify: Waiting 5 seconds to verify that tasks are stable...
verify: Waiting 5 seconds to verify that tasks are stable...
verify: Waiting 5 seconds to verify that tasks are stable...
verify: Waiting 5 seconds to verify that tasks are stable...
verify: Waiting 5 seconds to verify that tasks are stable...
verify: Waiting 4 seconds to verify that tasks are stable...
verify: Waiting 4 seconds to verify that tasks are stable...
verify: Waiting 4 seconds to verify that tasks are stable...
verify: Waiting 4 seconds to verify that tasks are stable...
verify: Waiting 4 seconds to verify that tasks are stable...
verify: Waiting 3 seconds to verify that tasks are stable...
verify: Waiting 3 seconds to verify that tasks are stable...
verify: Waiting 3 seconds to verify that tasks are stable...
verify: Waiting 3 seconds to verify that tasks are stable...
verify: Waiting 3 seconds to verify that tasks are stable...
verify: Waiting 2 seconds to verify that tasks are stable...
verify: Waiting 2 seconds to verify that tasks are stable...
verify: Waiting 2 seconds to verify that tasks are stable...
verify: Waiting 2 seconds to verify that tasks are stable...
verify: Waiting 2 seconds to verify that tasks are stable...
verify: Waiting 1 seconds to verify that tasks are stable...
verify: Waiting 1 seconds to verify that tasks are stable...
verify: Waiting 1 seconds to verify that tasks are stable...
verify: Waiting 1 seconds to verify that tasks are stable...
verify: Waiting 1 seconds to verify that tasks are stable...
verify: Service converged
Removing all keys associated with  from authorized_keys
Hostname:  was not in authorized keys or the file doesn't exist
./setup.sh: line 11: sed -i //d ~/.ssh/authorized_keys: No such file or directory
Setting up pi-docker-215
Changed hostname in /etc/hostname to pi-docker-215
Changed hostname in /etc/hosts to pi-docker-215
New Hostname: pi-docker-215
Ign:1 cdrom://Ubuntu 16.04.3 LTS _Xenial Xerus_ - Release amd64 (20170801) xenial InRelease
Hit:2 cdrom://Ubuntu 16.04.3 LTS _Xenial Xerus_ - Release amd64 (20170801) xenial Release
Hit:4 https://download.docker.com/linux/ubuntu xenial InRelease
Hit:5 http://archive.ubuntu.com/ubuntu xenial InRelease
Get:6 http://security.ubuntu.com/ubuntu xenial-security InRelease [102 kB]
Get:7 http://archive.ubuntu.com/ubuntu xenial-updates InRelease [102 kB]

** (appstreamcli:10614): CRITICAL **: Error while moving old database out of the way.
AppStream cache update failed.
Fetched 204 kB in 0s (271 kB/s)
Reading package lists...
Reading package lists...
Building dependency tree...
Reading state information...
ufw is already the newest version (0.35-0ubuntu2).
sshpass is already the newest version (1.05-1).
0 upgraded, 0 newly installed, 0 to remove and 349 not upgraded.
Removing services listed in: assets/services
portainer
portainer
Service: portainer removed
Cleaning up old volumes, images, containers specified in assets/clean
Removing volumes listed in: ./assets/volumes
Volume: portainer was not removed or failed
Error response from daemon: unable to remove volume: remove portainer: volume is in use - [5e892f3daff90dd6b0bd3433479e96dc4422dffb94d7c0c51b148b3fb93cf1fc]
other_volume
Volume: other_volume was removed
Removing networks listed in: assets/networks
Removing secrets listed in: assets/secrets
PORTAINER_PASSWORD
Secret: PORTAINER_PASSWORD removed
Creating volumes listed in: assets/volumes
portainer
other_volume
Creating networks listed in: assets/networks
Creating docker secrets listed in: assets/secrets
xplkma6o3qcglq7nqdk6wwhc3
Building images listed in: assets/build
No images to build
Pushing to docker hub images listed in: assets/push
No images to push
Pulling images listed in: assets/images
latest: Pulling from portainer/portainer
Digest: sha256:ea22d362cba64fe0aec1641534812fef84e09e21bef05a2c761f7c7ec8d7185e
Status: Image is up to date for portainer/portainer:latest
od41kff6okrofe4v4kwusghoc
overall progress: 0 out of 1 tasks
overall progress: 0 out of 1 tasks
overall progress: 0 out of 1 tasks
overall progress: 0 out of 1 tasks
overall progress: 0 out of 1 tasks
overall progress: 1 out of 1 tasks
verify: Waiting 5 seconds to verify that tasks are stable...
verify: Waiting 5 seconds to verify that tasks are stable...
verify: Waiting 5 seconds to verify that tasks are stable...
verify: Waiting 5 seconds to verify that tasks are stable...
verify: Waiting 5 seconds to verify that tasks are stable...
verify: Waiting 4 seconds to verify that tasks are stable...
verify: Waiting 4 seconds to verify that tasks are stable...
verify: Waiting 4 seconds to verify that tasks are stable...
verify: Waiting 4 seconds to verify that tasks are stable...
verify: Waiting 4 seconds to verify that tasks are stable...
verify: Waiting 3 seconds to verify that tasks are stable...
verify: Waiting 3 seconds to verify that tasks are stable...
verify: Waiting 3 seconds to verify that tasks are stable...
verify: Waiting 3 seconds to verify that tasks are stable...
verify: Waiting 3 seconds to verify that tasks are stable...
verify: Waiting 2 seconds to verify that tasks are stable...
verify: Waiting 2 seconds to verify that tasks are stable...
verify: Waiting 2 seconds to verify that tasks are stable...
verify: Waiting 2 seconds to verify that tasks are stable...
verify: Waiting 2 seconds to verify that tasks are stable...
verify: Waiting 1 seconds to verify that tasks are stable...
verify: Waiting 1 seconds to verify that tasks are stable...
verify: Waiting 1 seconds to verify that tasks are stable...
verify: Waiting 1 seconds to verify that tasks are stable...
verify: Waiting 1 seconds to verify that tasks are stable...
verify: Service converged
